Unity Editor version:    2020.3.27f1 (e759542391ea)
Branch:                  2020.3/release
Build type:              Release
Batch mode:              YES
macOS version:           Version 11.2.1 (Build 20D74)
Darwin version:          20.3.0
Architecture:            x86_64
Running under Rosetta:   NO
Available memory:        16384 MB
Using pre-set license
Pro License: NO

COMMAND LINE ARGUMENTS:
/Users/game1-15/Downloads/2020.3.27f1/Unity.app/Contents/MacOS/Unity
-adb2
-batchMode
-noUpm
-name
AssetImportWorker0
-projectPath
/Users/game1-15/Documents/GitHub/Rubby-toptier-2D
-logFile
Logs/AssetImportWorker0.log
-srvPort
56930
Successfully changed project path to: /Users/game1-15/Documents/GitHub/Rubby-toptier-2D
Could not lock editor preferences. Preferences updates for this instance of Unity will not be saved./Users/game1-15/Documents/GitHub/Rubby-toptier-2D
Using Asset Import Pipeline V2.
Refreshing native plugins compatible for Editor in 26.27 ms, found 2 plugins.
Preloading 0 native plugins for Editor in 0.00 ms.
Initialize engine version: 2020.3.27f1 (e759542391ea)
[Subsystems] Discovering subsystems at path /Users/game1-15/Downloads/2020.3.27f1/Unity.app/Contents/Resources/UnitySubsystems
[Subsystems] Discovering subsystems at path /Users/game1-15/Documents/GitHub/Rubby-toptier-2D/Assets
GfxDevice: creating device client; threaded=0
2022-12-06 13:12:01.143 Unity[20598:1271578] iMac preferred device: AMD Radeon Pro 5500 XT (high power)
2022-12-06 13:12:01.143 Unity[20598:1271578] Metal devices available: 1
2022-12-06 13:12:01.143 Unity[20598:1271578] 0: AMD Radeon Pro 5500 XT (high power)
2022-12-06 13:12:01.143 Unity[20598:1271578] Using device AMD Radeon Pro 5500 XT (high power)
Initializing Metal device caps: AMD Radeon Pro 5500 XT
Initialize mono
Mono path[0] = '/Users/game1-15/Downloads/2020.3.27f1/Unity.app/Contents/Managed'
Mono path[1] = '/Users/game1-15/Downloads/2020.3.27f1/Unity.app/Contents/MonoBleedingEdge/lib/mono/unityjit'
Mono config path = '/Users/game1-15/Downloads/2020.3.27f1/Unity.app/Contents/MonoBleedingEdge/etc'
Using monoOptions --debugger-agent=transport=dt_socket,embedding=1,server=y,suspend=n,address=127.0.0.1:56598
Begin MonoManager ReloadAssembly
Registering precompiled unity dll's ...
Register platform support module: /Users/game1-15/Downloads/2020.3.27f1/Unity.app/Contents/PlaybackEngines/MacStandaloneSupport/UnityEditor.OSXStandalone.Extensions.dll
Registered in 0.000450 seconds.
Native extension for OSXStandalone target not found
Refreshing native plugins compatible for Editor in 24.70 ms, found 2 plugins.
Preloading 0 native plugins for Editor in 0.00 ms.
Mono: successfully reloaded assembly
- Completed reload, in  0.529 seconds
Domain Reload Profiling:
	ReloadAssembly (529ms)
		BeginReloadAssembly (38ms)
			ExecutionOrderSort (0ms)
			DisableScriptedObjects (0ms)
			BackupInstance (0ms)
			ReleaseScriptingObjects (0ms)
			CreateAndSetChildDomain (1ms)
		EndReloadAssembly (421ms)
			LoadAssemblies (37ms)
			RebuildTransferFunctionScriptingTraits (0ms)
			SetupTypeCache (161ms)
			ReleaseScriptCaches (0ms)
			RebuildScriptCaches (33ms)
			SetupLoadedEditorAssemblies (152ms)
				LogAssemblyErrors (0ms)
				InitializePlatformSupportModulesInManaged (4ms)
				SetLoadedEditorAssemblies (0ms)
				RefreshPlugins (25ms)
				BeforeProcessingInitializeOnLoad (7ms)
				ProcessInitializeOnLoadAttributes (90ms)
				ProcessInitializeOnLoadMethodAttributes (26ms)
				AfterProcessingInitializeOnLoad (0ms)
				EditorAssembliesLoaded (0ms)
			ExecutionOrderSort2 (0ms)
			AwakeInstancesAfterBackupRestoration (0ms)
Platform modules already initialized, skipping
Registering precompiled user dll's ...
Registered in 0.001613 seconds.
Begin MonoManager ReloadAssembly
Native extension for OSXStandalone target not found
Refreshing native plugins compatible for Editor in 0.31 ms, found 2 plugins.
Preloading 0 native plugins for Editor in 0.00 ms.
Mono: successfully reloaded assembly
- Completed reload, in  0.905 seconds
Domain Reload Profiling:
	ReloadAssembly (905ms)
		BeginReloadAssembly (132ms)
			ExecutionOrderSort (0ms)
			DisableScriptedObjects (5ms)
			BackupInstance (0ms)
			ReleaseScriptingObjects (0ms)
			CreateAndSetChildDomain (24ms)
		EndReloadAssembly (718ms)
			LoadAssemblies (62ms)
			RebuildTransferFunctionScriptingTraits (0ms)
			SetupTypeCache (275ms)
			ReleaseScriptCaches (0ms)
			RebuildScriptCaches (44ms)
			SetupLoadedEditorAssemblies (244ms)
				LogAssemblyErrors (0ms)
				InitializePlatformSupportModulesInManaged (4ms)
				SetLoadedEditorAssemblies (0ms)
				RefreshPlugins (0ms)
				BeforeProcessingInitializeOnLoad (41ms)
				ProcessInitializeOnLoadAttributes (185ms)
				ProcessInitializeOnLoadMethodAttributes (12ms)
				AfterProcessingInitializeOnLoad (1ms)
				EditorAssembliesLoaded (0ms)
			ExecutionOrderSort2 (0ms)
			AwakeInstancesAfterBackupRestoration (6ms)
Platform modules already initialized, skipping
Validating Project structure ... 0.001119 seconds.
Shader import version has changed; will reimport all shaders...
Upgrading shader files ...0.001169 seconds.
Application.AssetDatabase Initial Script Refresh Start
RefreshInfo: InitialScriptRefreshV2(NoUpdateAssetOptions) scanfilter:  ... 1 filters
RefreshProfiler: Total: 0.000ms
Application.AssetDatabase Initial Script Refresh End
Application.AssetDatabase.Refresh Start
Application.AssetDatabase.Refresh End
RefreshInfo: StopAssetImportingV2(ForceSynchronousImport) scanfilter: 
RefreshProfiler: Total: 0.000ms
Launching external process: /Users/game1-15/Downloads/2020.3.27f1/Unity.app/Contents/Tools/UnityShaderCompiler
Launched and connected shader compiler UnityShaderCompiler after 0.01 seconds
Initializing Unity extensions:
========================================================================
Worker process is ready to serve import requests
Refreshing native plugins compatible for Editor in 0.16 ms, found 2 plugins.
Preloading 0 native plugins for Editor in 0.00 ms.
Unloading 1589 Unused Serialized files (Serialized files now loaded: 0)
System memory in use before: 181.1 MB.
System memory in use after: 180.2 MB.

Unloading 87 unused Assets to reduce memory usage. Loaded Objects now: 2064.
Total: 2.465669 ms (FindLiveObjects: 0.105700 ms CreateObjectMapping: 0.038266 ms MarkObjects: 1.959467 ms  DeleteObjects: 0.361690 ms)

AssetImportParameters requested are different than current active one (requested -> active):
  custom:video-decoder-ogg-theora: a1e56fd34408186e4bbccfd4996cb3dc -> 
  custom:container-muxer-webm: aa71ff27fc2769a1b78a27578f13a17b -> 
  custom:container-demuxer-webm: 4f35f7cbe854078d1ac9338744f61a02 -> 
  custom:container-demuxer-ogg: 62fdf1f143b41e24485cea50d1cbac27 -> 
  custom:video-encoder-webm-vp8: eb34c28f22e8b96e1ab97ce403110664 -> 
  custom:framework-osx-AVFoundation: e770b220cccbd017edd2c1fefb359320 -> 
  custom:video-decoder-webm-vp8: 9c59270c3fd7afecdb556c50c9e8de78 -> 
  custom:audio-decoder-ogg-vorbis: bf7c407c2cedff20999df2af8eb42d56 -> 
  custom:audio-encoder-webm-vorbis: bf7c407c2cedff20999df2af8eb42d56 -> 
========================================================================
Received Import Request.
  path: Assets/scripts/RubyController.cs
  artifactKey: Guid(043d54666eef44349aed8ebb7e111b3b) Importer(815301076,1909f56bfc062723c751e8b465ee728b)
Start importing Assets/scripts/RubyController.cs using Guid(043d54666eef44349aed8ebb7e111b3b) Importer(815301076,1909f56bfc062723c751e8b465ee728b)  -> (artifact id: '0a95685b124eb7901425e2c848215228') in 0.267250 seconds 
  Import took 0.271839 seconds .

========================================================================
Received Prepare
Registering precompiled user dll's ...
Registered in 0.001739 seconds.
Begin MonoManager ReloadAssembly
Native extension for OSXStandalone target not found
Refreshing native plugins compatible for Editor in 0.30 ms, found 2 plugins.
Preloading 0 native plugins for Editor in 0.00 ms.
Mono: successfully reloaded assembly
- Completed reload, in  0.893 seconds
Domain Reload Profiling:
	ReloadAssembly (893ms)
		BeginReloadAssembly (96ms)
			ExecutionOrderSort (0ms)
			DisableScriptedObjects (5ms)
			BackupInstance (0ms)
			ReleaseScriptingObjects (0ms)
			CreateAndSetChildDomain (42ms)
		EndReloadAssembly (743ms)
			LoadAssemblies (61ms)
			RebuildTransferFunctionScriptingTraits (0ms)
			SetupTypeCache (277ms)
			ReleaseScriptCaches (1ms)
			RebuildScriptCaches (41ms)
			SetupLoadedEditorAssemblies (263ms)
				LogAssemblyErrors (0ms)
				InitializePlatformSupportModulesInManaged (4ms)
				SetLoadedEditorAssemblies (0ms)
				RefreshPlugins (0ms)
				BeforeProcessingInitializeOnLoad (75ms)
				ProcessInitializeOnLoadAttributes (172ms)
				ProcessInitializeOnLoadMethodAttributes (10ms)
				AfterProcessingInitializeOnLoad (1ms)
				EditorAssembliesLoaded (0ms)
			ExecutionOrderSort2 (0ms)
			AwakeInstancesAfterBackupRestoration (6ms)
Platform modules already initialized, skipping
Refreshing native plugins compatible for Editor in 0.26 ms, found 2 plugins.
Preloading 0 native plugins for Editor in 0.00 ms.
Unloading 1582 Unused Serialized files (Serialized files now loaded: 0)
System memory in use before: 185.3 MB.
System memory in use after: 185.4 MB.

Unloading 15 unused Assets to reduce memory usage. Loaded Objects now: 2067.
Total: 2.072903 ms (FindLiveObjects: 0.103568 ms CreateObjectMapping: 0.038725 ms MarkObjects: 1.919733 ms  DeleteObjects: 0.010248 ms)

AssetImportParameters requested are different than current active one (requested -> active):
  custom:video-decoder-ogg-theora: a1e56fd34408186e4bbccfd4996cb3dc -> 
  custom:container-muxer-webm: aa71ff27fc2769a1b78a27578f13a17b -> 
  custom:container-demuxer-webm: 4f35f7cbe854078d1ac9338744f61a02 -> 
  custom:container-demuxer-ogg: 62fdf1f143b41e24485cea50d1cbac27 -> 
  custom:video-encoder-webm-vp8: eb34c28f22e8b96e1ab97ce403110664 -> 
  custom:framework-osx-AVFoundation: e770b220cccbd017edd2c1fefb359320 -> 
  custom:video-decoder-webm-vp8: 9c59270c3fd7afecdb556c50c9e8de78 -> 
  custom:audio-decoder-ogg-vorbis: bf7c407c2cedff20999df2af8eb42d56 -> 
  custom:audio-encoder-webm-vorbis: bf7c407c2cedff20999df2af8eb42d56 -> 
========================================================================
Received Prepare
Registering precompiled user dll's ...
Registered in 0.001538 seconds.
Begin MonoManager ReloadAssembly
Native extension for OSXStandalone target not found
Refreshing native plugins compatible for Editor in 0.31 ms, found 2 plugins.
Preloading 0 native plugins for Editor in 0.00 ms.
Mono: successfully reloaded assembly
- Completed reload, in  0.897 seconds
Domain Reload Profiling:
	ReloadAssembly (897ms)
		BeginReloadAssembly (103ms)
			ExecutionOrderSort (0ms)
			DisableScriptedObjects (5ms)
			BackupInstance (0ms)
			ReleaseScriptingObjects (0ms)
			CreateAndSetChildDomain (50ms)
		EndReloadAssembly (739ms)
			LoadAssemblies (59ms)
			RebuildTransferFunctionScriptingTraits (0ms)
			SetupTypeCache (274ms)
			ReleaseScriptCaches (1ms)
			RebuildScriptCaches (40ms)
			SetupLoadedEditorAssemblies (265ms)
				LogAssemblyErrors (0ms)
				InitializePlatformSupportModulesInManaged (4ms)
				SetLoadedEditorAssemblies (0ms)
				RefreshPlugins (0ms)
				BeforeProcessingInitializeOnLoad (77ms)
				ProcessInitializeOnLoadAttributes (173ms)
				ProcessInitializeOnLoadMethodAttributes (10ms)
				AfterProcessingInitializeOnLoad (1ms)
				EditorAssembliesLoaded (0ms)
			ExecutionOrderSort2 (0ms)
			AwakeInstancesAfterBackupRestoration (6ms)
Platform modules already initialized, skipping
Refreshing native plugins compatible for Editor in 0.27 ms, found 2 plugins.
Preloading 0 native plugins for Editor in 0.00 ms.
Unloading 1582 Unused Serialized files (Serialized files now loaded: 0)
System memory in use before: 185.5 MB.
System memory in use after: 185.6 MB.

Unloading 14 unused Assets to reduce memory usage. Loaded Objects now: 2069.
Total: 2.063975 ms (FindLiveObjects: 0.110543 ms CreateObjectMapping: 0.043749 ms MarkObjects: 1.898530 ms  DeleteObjects: 0.010565 ms)

AssetImportParameters requested are different than current active one (requested -> active):
  custom:video-decoder-ogg-theora: a1e56fd34408186e4bbccfd4996cb3dc -> 
  custom:container-muxer-webm: aa71ff27fc2769a1b78a27578f13a17b -> 
  custom:container-demuxer-webm: 4f35f7cbe854078d1ac9338744f61a02 -> 
  custom:container-demuxer-ogg: 62fdf1f143b41e24485cea50d1cbac27 -> 
  custom:video-encoder-webm-vp8: eb34c28f22e8b96e1ab97ce403110664 -> 
  custom:framework-osx-AVFoundation: e770b220cccbd017edd2c1fefb359320 -> 
  custom:video-decoder-webm-vp8: 9c59270c3fd7afecdb556c50c9e8de78 -> 
  custom:audio-decoder-ogg-vorbis: bf7c407c2cedff20999df2af8eb42d56 -> 
  custom:audio-encoder-webm-vorbis: bf7c407c2cedff20999df2af8eb42d56 -> 
========================================================================
Received Prepare
Registering precompiled user dll's ...
Registered in 0.001525 seconds.
Begin MonoManager ReloadAssembly
Native extension for OSXStandalone target not found
Refreshing native plugins compatible for Editor in 0.30 ms, found 2 plugins.
Preloading 0 native plugins for Editor in 0.00 ms.
Mono: successfully reloaded assembly
- Completed reload, in  0.889 seconds
Domain Reload Profiling:
	ReloadAssembly (890ms)
		BeginReloadAssembly (98ms)
			ExecutionOrderSort (0ms)
			DisableScriptedObjects (6ms)
			BackupInstance (0ms)
			ReleaseScriptingObjects (0ms)
			CreateAndSetChildDomain (46ms)
		EndReloadAssembly (738ms)
			LoadAssemblies (60ms)
			RebuildTransferFunctionScriptingTraits (0ms)
			SetupTypeCache (275ms)
			ReleaseScriptCaches (1ms)
			RebuildScriptCaches (41ms)
			SetupLoadedEditorAssemblies (261ms)
				LogAssemblyErrors (0ms)
				InitializePlatformSupportModulesInManaged (3ms)
				SetLoadedEditorAssemblies (0ms)
				RefreshPlugins (0ms)
				BeforeProcessingInitializeOnLoad (74ms)
				ProcessInitializeOnLoadAttributes (172ms)
				ProcessInitializeOnLoadMethodAttributes (10ms)
				AfterProcessingInitializeOnLoad (1ms)
				EditorAssembliesLoaded (0ms)
			ExecutionOrderSort2 (0ms)
			AwakeInstancesAfterBackupRestoration (6ms)
Platform modules already initialized, skipping
Refreshing native plugins compatible for Editor in 0.27 ms, found 2 plugins.
Preloading 0 native plugins for Editor in 0.00 ms.
Unloading 1582 Unused Serialized files (Serialized files now loaded: 0)
System memory in use before: 185.7 MB.
System memory in use after: 185.8 MB.

Unloading 14 unused Assets to reduce memory usage. Loaded Objects now: 2071.
Total: 2.040410 ms (FindLiveObjects: 0.103755 ms CreateObjectMapping: 0.043194 ms MarkObjects: 1.882194 ms  DeleteObjects: 0.010711 ms)

AssetImportParameters requested are different than current active one (requested -> active):
  custom:video-decoder-ogg-theora: a1e56fd34408186e4bbccfd4996cb3dc -> 
  custom:container-muxer-webm: aa71ff27fc2769a1b78a27578f13a17b -> 
  custom:container-demuxer-webm: 4f35f7cbe854078d1ac9338744f61a02 -> 
  custom:container-demuxer-ogg: 62fdf1f143b41e24485cea50d1cbac27 -> 
  custom:video-encoder-webm-vp8: eb34c28f22e8b96e1ab97ce403110664 -> 
  custom:framework-osx-AVFoundation: e770b220cccbd017edd2c1fefb359320 -> 
  custom:video-decoder-webm-vp8: 9c59270c3fd7afecdb556c50c9e8de78 -> 
  custom:audio-decoder-ogg-vorbis: bf7c407c2cedff20999df2af8eb42d56 -> 
  custom:audio-encoder-webm-vorbis: bf7c407c2cedff20999df2af8eb42d56 -> 
========================================================================
Received Import Request.
  Time since last request: 271.815895 seconds.
  path: Assets/Art
  artifactKey: Guid(7dc92abd333901a43ae8edc459c826d7) Importer(815301076,1909f56bfc062723c751e8b465ee728b)
Start importing Assets/Art using Guid(7dc92abd333901a43ae8edc459c826d7) Importer(815301076,1909f56bfc062723c751e8b465ee728b)  -> (artifact id: '3dec8d3e03afd2a2e39a523352c57a68') in 0.003079 seconds 
  Import took 0.005556 seconds .

========================================================================
Received Import Request.
  Time since last request: 10.925344 seconds.
  path: Assets/Art/tiles
  artifactKey: Guid(920544678f73646678dfa903877b7c3b) Importer(815301076,1909f56bfc062723c751e8b465ee728b)
Start importing Assets/Art/tiles using Guid(920544678f73646678dfa903877b7c3b) Importer(815301076,1909f56bfc062723c751e8b465ee728b)  -> (artifact id: '59abc46e8d2511fb1cc6f8ffae69055f') in 0.001510 seconds 
  Import took 0.003497 seconds .

========================================================================
Received Import Request.
  Time since last request: 34.483768 seconds.
  path: Assets/Art/tiles/title palate.prefab
  artifactKey: Guid(24f9795c5392a492d88989c0a22958cd) Importer(815301076,1909f56bfc062723c751e8b465ee728b)
Start importing Assets/Art/tiles/title palate.prefab using Guid(24f9795c5392a492d88989c0a22958cd) Importer(815301076,1909f56bfc062723c751e8b465ee728b)  -> (artifact id: 'd9e8f589907628b2aaf3c917d0d2517e') in 0.933444 seconds 
  Import took 0.937891 seconds .

========================================================================
Received Import Request.
  Time since last request: 19.310230 seconds.
  path: Assets/Art/tiles/tile.png
  artifactKey: Guid(f793dd0433abf42a3b19fce94d7297e0) Importer(815301076,1909f56bfc062723c751e8b465ee728b)
Start importing Assets/Art/tiles/tile.png using Guid(f793dd0433abf42a3b19fce94d7297e0) Importer(815301076,1909f56bfc062723c751e8b465ee728b)  -> (artifact id: '4382b72eafcac001b6259682b8e95c48') in 0.657058 seconds 
  Import took 0.663367 seconds .

========================================================================
Received Import Request.
  Time since last request: 38.269031 seconds.
  path: Assets/Art/tiles/tile.png
  artifactKey: Guid(f793dd0433abf42a3b19fce94d7297e0) Importer(815301076,1909f56bfc062723c751e8b465ee728b)
Start importing Assets/Art/tiles/tile.png using Guid(f793dd0433abf42a3b19fce94d7297e0) Importer(815301076,1909f56bfc062723c751e8b465ee728b)  -> (artifact id: 'b03eb898a14fb5531970ae399c48524d') in 0.033849 seconds 
  Import took 0.036268 seconds .

========================================================================
Received Import Request.
  Time since last request: 42.815294 seconds.
  path: Assets/Art/tiles/tile.asset.asset.asset
  artifactKey: Guid(eaf74d4f0b1434c8da6868155e2665fc) Importer(815301076,1909f56bfc062723c751e8b465ee728b)
Start importing Assets/Art/tiles/tile.asset.asset.asset using Guid(eaf74d4f0b1434c8da6868155e2665fc) Importer(815301076,1909f56bfc062723c751e8b465ee728b)  -> (artifact id: '093ad613b681fdae83db4ffe3815084f') in 0.259452 seconds 
  Import took 0.263664 seconds .

========================================================================
Received Import Request.
  Time since last request: 0.000252 seconds.
  path: Assets/Art/tiles/title palate.prefab
  artifactKey: Guid(24f9795c5392a492d88989c0a22958cd) Importer(815301076,1909f56bfc062723c751e8b465ee728b)
Start importing Assets/Art/tiles/title palate.prefab using Guid(24f9795c5392a492d88989c0a22958cd) Importer(815301076,1909f56bfc062723c751e8b465ee728b)  -> (artifact id: '37052a1be24d01c79f1ec64b3995c1c8') in 0.022385 seconds 
  Import took 0.024611 seconds .

========================================================================
Received Import Request.
  Time since last request: 35.486814 seconds.
  path: Assets/Art/tiles/tile.png
  artifactKey: Guid(f793dd0433abf42a3b19fce94d7297e0) Importer(815301076,1909f56bfc062723c751e8b465ee728b)
Start importing Assets/Art/tiles/tile.png using Guid(f793dd0433abf42a3b19fce94d7297e0) Importer(815301076,1909f56bfc062723c751e8b465ee728b)  -> (artifact id: '37e4353735ef2e6b498b64bfb5439ea1') in 0.016797 seconds 
  Import took 0.019471 seconds .

========================================================================
Received Import Request.
  Time since last request: 55.172792 seconds.
  path: Assets/Art/Sprites/Environmnent
  artifactKey: Guid(28623518bdb8e8143808c62674fcffc3) Importer(815301076,1909f56bfc062723c751e8b465ee728b)
Start importing Assets/Art/Sprites/Environmnent using Guid(28623518bdb8e8143808c62674fcffc3) Importer(815301076,1909f56bfc062723c751e8b465ee728b)  -> (artifact id: 'd2aa38f4e444290c026b72a9aff186d5') in 0.001140 seconds 
  Import took 0.003727 seconds .

========================================================================
Received Import Request.
  Time since last request: 0.619896 seconds.
  path: Assets/Art/Sprites/Environmnent/Damageable.png
  artifactKey: Guid(0e15259342e82ee4f813807e5b28c0f3) Importer(815301076,1909f56bfc062723c751e8b465ee728b)
Start importing Assets/Art/Sprites/Environmnent/Damageable.png using Guid(0e15259342e82ee4f813807e5b28c0f3) Importer(815301076,1909f56bfc062723c751e8b465ee728b)  -> (artifact id: 'c99a1271bc9c63706bdf18b197d4f980') in 0.011210 seconds 
  Import took 0.013748 seconds .

========================================================================
Received Import Request.
  Time since last request: 0.000148 seconds.
  path: Assets/Art/Sprites/Environmnent/TreeForeground.png
  artifactKey: Guid(e059f0fb3f4af3e47b60d322bf43a7d6) Importer(815301076,1909f56bfc062723c751e8b465ee728b)
Start importing Assets/Art/Sprites/Environmnent/TreeForeground.png using Guid(e059f0fb3f4af3e47b60d322bf43a7d6) Importer(815301076,1909f56bfc062723c751e8b465ee728b)  -> (artifact id: '452c6e89522deea4679e91417c620c27') in 0.009079 seconds 
  Import took 0.011405 seconds .

========================================================================
Received Import Request.
  Time since last request: 0.000184 seconds.
  path: Assets/Art/Sprites/Environmnent/DrainCover.png
  artifactKey: Guid(186979b672303144e9af33f5940487e6) Importer(815301076,1909f56bfc062723c751e8b465ee728b)
Start importing Assets/Art/Sprites/Environmnent/DrainCover.png using Guid(186979b672303144e9af33f5940487e6) Importer(815301076,1909f56bfc062723c751e8b465ee728b)  -> (artifact id: '12cdc71b4f651ca828a9c67ec04bb818') in 0.007641 seconds 
  Import took 0.010224 seconds .

========================================================================
Received Import Request.
  Time since last request: 0.000133 seconds.
  path: Assets/Art/Sprites/Environmnent/FloorBricksToGrassCorner.png
  artifactKey: Guid(2ff4c9799e22f1b4c95766cc11f47530) Importer(815301076,1909f56bfc062723c751e8b465ee728b)
Start importing Assets/Art/Sprites/Environmnent/FloorBricksToGrassCorner.png using Guid(2ff4c9799e22f1b4c95766cc11f47530) Importer(815301076,1909f56bfc062723c751e8b465ee728b)  -> (artifact id: 'ee898c1c5c777735de6dd6b8a9363347') in 0.009196 seconds 
  Import took 0.011365 seconds .

========================================================================
Received Import Request.
  Time since last request: 0.000151 seconds.
  path: Assets/Art/Sprites/Environmnent/TreeBig2.png
  artifactKey: Guid(36d4547ce489e7041990fd8545a07142) Importer(815301076,1909f56bfc062723c751e8b465ee728b)
Start importing Assets/Art/Sprites/Environmnent/TreeBig2.png using Guid(36d4547ce489e7041990fd8545a07142) Importer(815301076,1909f56bfc062723c751e8b465ee728b)  -> (artifact id: 'db02720f612bb8c4193bdc2f43ec3849') in 0.010184 seconds 
  Import took 0.012364 seconds .

========================================================================
Received Import Request.
  Time since last request: 0.000143 seconds.
  path: Assets/Art/Sprites/Environmnent/TreeLittle.png
  artifactKey: Guid(87d9eec357f7dc14286677f38287ad9e) Importer(815301076,1909f56bfc062723c751e8b465ee728b)
Start importing Assets/Art/Sprites/Environmnent/TreeLittle.png using Guid(87d9eec357f7dc14286677f38287ad9e) Importer(815301076,1909f56bfc062723c751e8b465ee728b)  -> (artifact id: '0cc35288d9507d6fca4ce6571ee83356') in 0.008926 seconds 
  Import took 0.011243 seconds .

========================================================================
Received Import Request.
  Time since last request: 0.000144 seconds.
  path: Assets/Art/Sprites/Environmnent/TelegraphPost.png
  artifactKey: Guid(28b3c26f6746b7943aa1168e3c52c292) Importer(815301076,1909f56bfc062723c751e8b465ee728b)
Start importing Assets/Art/Sprites/Environmnent/TelegraphPost.png using Guid(28b3c26f6746b7943aa1168e3c52c292) Importer(815301076,1909f56bfc062723c751e8b465ee728b)  -> (artifact id: '0b18046c02438ad54a7e53d64e24d1c9') in 0.008087 seconds 
  Import took 0.010005 seconds .

========================================================================
Received Import Request.
  Time since last request: 0.000144 seconds.
  path: Assets/Art/Sprites/Environmnent/TreeBig1.png
  artifactKey: Guid(f0cd5ad89953643408db63f9a8c50027) Importer(815301076,1909f56bfc062723c751e8b465ee728b)
Start importing Assets/Art/Sprites/Environmnent/TreeBig1.png using Guid(f0cd5ad89953643408db63f9a8c50027) Importer(815301076,1909f56bfc062723c751e8b465ee728b)  -> (artifact id: 'adc5c98ceb7ad6b26ec3f064d879ccdd') in 0.009237 seconds 
  Import took 0.011455 seconds .

========================================================================
Received Import Request.
  Time since last request: 0.000145 seconds.
  path: Assets/Art/Sprites/Environmnent/FloorGrassToBricksCorner.png
  artifactKey: Guid(df0b6f9e93b65bc4792e6cf7849c5e37) Importer(815301076,1909f56bfc062723c751e8b465ee728b)
Start importing Assets/Art/Sprites/Environmnent/FloorGrassToBricksCorner.png using Guid(df0b6f9e93b65bc4792e6cf7849c5e37) Importer(815301076,1909f56bfc062723c751e8b465ee728b)  -> (artifact id: '5fd5c89b619ac15b8a235bfe3452362e') in 0.009152 seconds 
  Import took 0.011214 seconds .

========================================================================
Received Import Request.
  Time since last request: 0.000132 seconds.
  path: Assets/Art/Sprites/Environmnent/FloorWaterRoundCorners.png
  artifactKey: Guid(957383e82ad8601499ca4cac1dd1214a) Importer(815301076,1909f56bfc062723c751e8b465ee728b)
Start importing Assets/Art/Sprites/Environmnent/FloorWaterRoundCorners.png using Guid(957383e82ad8601499ca4cac1dd1214a) Importer(815301076,1909f56bfc062723c751e8b465ee728b)  -> (artifact id: '9a374b4f3369500e893a0be77ffbcc96') in 0.010340 seconds 
  Import took 0.012474 seconds .

========================================================================
Received Import Request.
  Time since last request: 0.000135 seconds.
  path: Assets/Art/Sprites/Environmnent/Mushrooms.png
  artifactKey: Guid(6acbda5bb54c19b4eb60c2674048dac2) Importer(815301076,1909f56bfc062723c751e8b465ee728b)
Start importing Assets/Art/Sprites/Environmnent/Mushrooms.png using Guid(6acbda5bb54c19b4eb60c2674048dac2) Importer(815301076,1909f56bfc062723c751e8b465ee728b)  -> (artifact id: 'b04bdf8c81c07890cf98721051070be8') in 0.007815 seconds 
  Import took 0.009685 seconds .

========================================================================
Received Import Request.
  Time since last request: 0.000150 seconds.
  path: Assets/Art/Sprites/Environmnent/TreeShadow.png
  artifactKey: Guid(8640aa53d8475c5409471adcb65826a5) Importer(815301076,1909f56bfc062723c751e8b465ee728b)
Start importing Assets/Art/Sprites/Environmnent/TreeShadow.png using Guid(8640aa53d8475c5409471adcb65826a5) Importer(815301076,1909f56bfc062723c751e8b465ee728b)  -> (artifact id: 'a67c01703cfbe6f1f3be2bb256eead0a') in 0.008109 seconds 
  Import took 0.010239 seconds .

========================================================================
Received Import Request.
  Time since last request: 0.000153 seconds.
  path: Assets/Art/Sprites/Environmnent/House.png
  artifactKey: Guid(f27ebbf5c345352429b99a3dec7ae33e) Importer(815301076,1909f56bfc062723c751e8b465ee728b)
Start importing Assets/Art/Sprites/Environmnent/House.png using Guid(f27ebbf5c345352429b99a3dec7ae33e) Importer(815301076,1909f56bfc062723c751e8b465ee728b)  -> (artifact id: '5f64b7861b130470d6f9eefa53496cd9') in 0.013521 seconds 
  Import took 0.015532 seconds .

========================================================================
Received Import Request.
  Time since last request: 0.000151 seconds.
  path: Assets/Art/Sprites/Environmnent/FloorGrassToBricksSquare.png
  artifactKey: Guid(ae39c96545143eb41b1618200a550c81) Importer(815301076,1909f56bfc062723c751e8b465ee728b)
Start importing Assets/Art/Sprites/Environmnent/FloorGrassToBricksSquare.png using Guid(ae39c96545143eb41b1618200a550c81) Importer(815301076,1909f56bfc062723c751e8b465ee728b)  -> (artifact id: 'ad80c21ee5bc97d443527361f7fe875a') in 0.008987 seconds 
  Import took 0.010871 seconds .

========================================================================
Received Import Request.
  Time since last request: 0.000148 seconds.
  path: Assets/Art/Sprites/Environmnent/LotusFlower.png
  artifactKey: Guid(010b5c856073f70428956b10534fd3a6) Importer(815301076,1909f56bfc062723c751e8b465ee728b)
Start importing Assets/Art/Sprites/Environmnent/LotusFlower.png using Guid(010b5c856073f70428956b10534fd3a6) Importer(815301076,1909f56bfc062723c751e8b465ee728b)  -> (artifact id: '0625864e48a9d588f6ca0be0da1cb93d') in 0.008859 seconds 
  Import took 0.011049 seconds .

========================================================================
Received Import Request.
  Time since last request: 0.000159 seconds.
  path: Assets/Art/Sprites/Environmnent/FloorBricksToGrassSquare.png
  artifactKey: Guid(2e6ecdf01ba70e3489b17b3f6525fec2) Importer(815301076,1909f56bfc062723c751e8b465ee728b)
Start importing Assets/Art/Sprites/Environmnent/FloorBricksToGrassSquare.png using Guid(2e6ecdf01ba70e3489b17b3f6525fec2) Importer(815301076,1909f56bfc062723c751e8b465ee728b)  -> (artifact id: 'e988047f642679f731cf7902e6b27a38') in 0.011087 seconds 
  Import took 0.013586 seconds .

========================================================================
Received Import Request.
  Time since last request: 0.000146 seconds.
  path: Assets/Art/Sprites/Environmnent/FloorWaterSquareCorners.png
  artifactKey: Guid(56dfe645f43c419458abb426118088e5) Importer(815301076,1909f56bfc062723c751e8b465ee728b)
Start importing Assets/Art/Sprites/Environmnent/FloorWaterSquareCorners.png using Guid(56dfe645f43c419458abb426118088e5) Importer(815301076,1909f56bfc062723c751e8b465ee728b)  -> (artifact id: '1a311e5bd8a0527c38636df24a1d95e5') in 0.010143 seconds 
  Import took 0.011940 seconds .

========================================================================
Received Import Request.
  Time since last request: 0.000148 seconds.
  path: Assets/Art/Sprites/Environmnent/MetalCube.png
  artifactKey: Guid(b9244d299d06eea4fa3e8b8b6da46af5) Importer(815301076,1909f56bfc062723c751e8b465ee728b)
Start importing Assets/Art/Sprites/Environmnent/MetalCube.png using Guid(b9244d299d06eea4fa3e8b8b6da46af5) Importer(815301076,1909f56bfc062723c751e8b465ee728b)  -> (artifact id: '22459a7f8b665fb42498927ddae0ba96') in 0.008976 seconds 
  Import took 0.010859 seconds .

========================================================================
Received Import Request.
  Time since last request: 0.000141 seconds.
  path: Assets/Art/Sprites/Environmnent/GrassSmall.png
  artifactKey: Guid(8f629954bb45aa74a8bf21f8e6b95975) Importer(815301076,1909f56bfc062723c751e8b465ee728b)
Start importing Assets/Art/Sprites/Environmnent/GrassSmall.png using Guid(8f629954bb45aa74a8bf21f8e6b95975) Importer(815301076,1909f56bfc062723c751e8b465ee728b)  -> (artifact id: '43d51754185e7c3850877a4eef4233df') in 0.008866 seconds 
  Import took 0.010890 seconds .

========================================================================
Received Import Request.
  Time since last request: 0.000147 seconds.
  path: Assets/Art/Sprites/Environmnent/TreeBig3.png
  artifactKey: Guid(1d50d21b43458424aa7759b50224c034) Importer(815301076,1909f56bfc062723c751e8b465ee728b)
Start importing Assets/Art/Sprites/Environmnent/TreeBig3.png using Guid(1d50d21b43458424aa7759b50224c034) Importer(815301076,1909f56bfc062723c751e8b465ee728b)  -> (artifact id: 'a186e4a73b06eae919a81f724c29079a') in 0.008985 seconds 
  Import took 0.010801 seconds .

========================================================================
Received Import Request.
  Time since last request: 14.222417 seconds.
  path: Assets/Art/Sprites/Environmnent/FloorBricksToGrassCorner.png
  artifactKey: Guid(2ff4c9799e22f1b4c95766cc11f47530) Importer(815301076,1909f56bfc062723c751e8b465ee728b)
Start importing Assets/Art/Sprites/Environmnent/FloorBricksToGrassCorner.png using Guid(2ff4c9799e22f1b4c95766cc11f47530) Importer(815301076,1909f56bfc062723c751e8b465ee728b)  -> (artifact id: 'd1de9a1ea63133b866ed0b8e36a82689') in 0.007920 seconds 
  Import took 0.010532 seconds .

========================================================================
Received Import Request.
  Time since last request: 17.034667 seconds.
  path: Assets/Art/Sprites/Environmnent/FloorBricksToGrassCorner.png
  artifactKey: Guid(2ff4c9799e22f1b4c95766cc11f47530) Importer(815301076,1909f56bfc062723c751e8b465ee728b)
Start importing Assets/Art/Sprites/Environmnent/FloorBricksToGrassCorner.png using Guid(2ff4c9799e22f1b4c95766cc11f47530) Importer(815301076,1909f56bfc062723c751e8b465ee728b)  -> (artifact id: '0e8c4ef02f6fc730341968bb0a6cfb9d') in 0.023463 seconds 
  Import took 0.026271 seconds .

========================================================================
Received Import Request.
  Time since last request: 12.055767 seconds.
  path: Assets/Art/Sprites/Environmnent/FloorBricksToGrassCorner_0.asset
  artifactKey: Guid(80853ba79e85f4ad2b22f17992161a36) Importer(815301076,1909f56bfc062723c751e8b465ee728b)
Start importing Assets/Art/Sprites/Environmnent/FloorBricksToGrassCorner_0.asset using Guid(80853ba79e85f4ad2b22f17992161a36) Importer(815301076,1909f56bfc062723c751e8b465ee728b)  -> (artifact id: 'e62438be2e2aac6663366e6eb029ef10') in 0.006238 seconds 
  Import took 0.008368 seconds .

========================================================================
Received Import Request.
  Time since last request: 0.000156 seconds.
  path: Assets/Art/Sprites/Environmnent/FloorBricksToGrassCorner_6.asset
  artifactKey: Guid(e201563902ce6462ab0ce48732e4f936) Importer(815301076,1909f56bfc062723c751e8b465ee728b)
Start importing Assets/Art/Sprites/Environmnent/FloorBricksToGrassCorner_6.asset using Guid(e201563902ce6462ab0ce48732e4f936) Importer(815301076,1909f56bfc062723c751e8b465ee728b)  -> (artifact id: '9c25f8ae61b6f6e873873f488ece3bae') in 0.009088 seconds 
  Import took 0.011599 seconds .

========================================================================
Received Import Request.
  Time since last request: 0.000229 seconds.
  path: Assets/Art/Sprites/Environmnent/FloorBricksToGrassCorner_1.asset
  artifactKey: Guid(461c3e80b96ed4e8b9f72181ca3ec04a) Importer(815301076,1909f56bfc062723c751e8b465ee728b)
Start importing Assets/Art/Sprites/Environmnent/FloorBricksToGrassCorner_1.asset using Guid(461c3e80b96ed4e8b9f72181ca3ec04a) Importer(815301076,1909f56bfc062723c751e8b465ee728b)  -> (artifact id: 'c67ade5c87b8521e4549e51b0e5e29f1') in 0.006503 seconds 
  Import took 0.009173 seconds .

========================================================================
Received Import Request.
  Time since last request: 0.000168 seconds.
  path: Assets/Art/Sprites/Environmnent/FloorBricksToGrassCorner_2.asset
  artifactKey: Guid(1ae63a86126b64660ad8fa82d924426c) Importer(815301076,1909f56bfc062723c751e8b465ee728b)
Start importing Assets/Art/Sprites/Environmnent/FloorBricksToGrassCorner_2.asset using Guid(1ae63a86126b64660ad8fa82d924426c) Importer(815301076,1909f56bfc062723c751e8b465ee728b)  -> (artifact id: 'fd3cbbfb1830a9f8f65f388f09d65a2a') in 0.006163 seconds 
  Import took 0.008093 seconds .

========================================================================
Received Import Request.
  Time since last request: 0.000165 seconds.
  path: Assets/Art/Sprites/Environmnent/FloorBricksToGrassCorner_7.asset
  artifactKey: Guid(d858497a6960648b582840da9a08872d) Importer(815301076,1909f56bfc062723c751e8b465ee728b)
Start importing Assets/Art/Sprites/Environmnent/FloorBricksToGrassCorner_7.asset using Guid(d858497a6960648b582840da9a08872d) Importer(815301076,1909f56bfc062723c751e8b465ee728b)  -> (artifact id: '0f4ac1c96c96b9661b792b73b913be8f') in 0.008808 seconds 
  Import took 0.010929 seconds .

========================================================================
Received Import Request.
  Time since last request: 0.000167 seconds.
  path: Assets/Art/Sprites/Environmnent/FloorBricksToGrassCorner_3.asset
  artifactKey: Guid(fbd93f3ce2b22480ba166db37fcedf11) Importer(815301076,1909f56bfc062723c751e8b465ee728b)
Start importing Assets/Art/Sprites/Environmnent/FloorBricksToGrassCorner_3.asset using Guid(fbd93f3ce2b22480ba166db37fcedf11) Importer(815301076,1909f56bfc062723c751e8b465ee728b)  -> (artifact id: '14cda38013c0bf184faa596fc1ca9d16') in 0.010025 seconds 
  Import took 0.012334 seconds .

========================================================================
Received Import Request.
  Time since last request: 0.000163 seconds.
  path: Assets/Art/Sprites/Environmnent/FloorBricksToGrassCorner_4.asset
  artifactKey: Guid(3f4b7fa7d138e4c8580153713e5d109f) Importer(815301076,1909f56bfc062723c751e8b465ee728b)
Start importing Assets/Art/Sprites/Environmnent/FloorBricksToGrassCorner_4.asset using Guid(3f4b7fa7d138e4c8580153713e5d109f) Importer(815301076,1909f56bfc062723c751e8b465ee728b)  -> (artifact id: '58f87c3709f3bdbbe164a1d68bf92786') in 0.009013 seconds 
  Import took 0.011065 seconds .

========================================================================
Received Import Request.
  Time since last request: 0.000162 seconds.
  path: Assets/Art/Sprites/Environmnent/FloorBricksToGrassCorner_5.asset
  artifactKey: Guid(5e57bf35110934388b8ebf4d0e043767) Importer(815301076,1909f56bfc062723c751e8b465ee728b)
Start importing Assets/Art/Sprites/Environmnent/FloorBricksToGrassCorner_5.asset using Guid(5e57bf35110934388b8ebf4d0e043767) Importer(815301076,1909f56bfc062723c751e8b465ee728b)  -> (artifact id: 'c735d178f66d2ea51c4a4ed4ee7c8c80') in 0.007906 seconds 
  Import took 0.010167 seconds .

========================================================================
Received Import Request.
  Time since last request: 0.000158 seconds.
  path: Assets/Art/Sprites/Environmnent/FloorBricksToGrassCorner_8.asset
  artifactKey: Guid(f4b93fbd6ac884621ac533c7c3b189e8) Importer(815301076,1909f56bfc062723c751e8b465ee728b)
Start importing Assets/Art/Sprites/Environmnent/FloorBricksToGrassCorner_8.asset using Guid(f4b93fbd6ac884621ac533c7c3b189e8) Importer(815301076,1909f56bfc062723c751e8b465ee728b)  -> (artifact id: 'e3b910b45ad57e14462735b6a58157ce') in 0.008276 seconds 
  Import took 0.010319 seconds .

========================================================================
Received Import Request.
  Time since last request: 127.718625 seconds.
  path: Assets/Art/Sprites/Environmnent/FloorBricksToGrassSquare.png
  artifactKey: Guid(2e6ecdf01ba70e3489b17b3f6525fec2) Importer(815301076,1909f56bfc062723c751e8b465ee728b)
Start importing Assets/Art/Sprites/Environmnent/FloorBricksToGrassSquare.png using Guid(2e6ecdf01ba70e3489b17b3f6525fec2) Importer(815301076,1909f56bfc062723c751e8b465ee728b)  -> (artifact id: '6c79ea3dc965954e635a2cba6184fd68') in 0.011792 seconds 
  Import took 0.013956 seconds .

========================================================================
Received Import Request.
  Time since last request: 5.476754 seconds.
  path: Assets/Art/Sprites/Environmnent/FloorBricksToGrassSquare.png
  artifactKey: Guid(2e6ecdf01ba70e3489b17b3f6525fec2) Importer(815301076,1909f56bfc062723c751e8b465ee728b)
Start importing Assets/Art/Sprites/Environmnent/FloorBricksToGrassSquare.png using Guid(2e6ecdf01ba70e3489b17b3f6525fec2) Importer(815301076,1909f56bfc062723c751e8b465ee728b)  -> (artifact id: '0b39e1e1321161711f753b5d5fb9fe87') in 0.011299 seconds 
  Import took 0.013587 seconds .

========================================================================
Received Import Request.
  Time since last request: 15.495035 seconds.
  path: Assets/Art/Sprites/Environmnent/FloorBricksToGrassSquare.png
  artifactKey: Guid(2e6ecdf01ba70e3489b17b3f6525fec2) Importer(815301076,1909f56bfc062723c751e8b465ee728b)
Start importing Assets/Art/Sprites/Environmnent/FloorBricksToGrassSquare.png using Guid(2e6ecdf01ba70e3489b17b3f6525fec2) Importer(815301076,1909f56bfc062723c751e8b465ee728b)  -> (artifact id: '7e1b295fc10a3cdebb91614030645792') in 0.024878 seconds 
  Import took 0.027124 seconds .

========================================================================
Received Import Request.
  Time since last request: 33.707661 seconds.
  path: Assets/Art/Sprites/Environmnent/FloorGrassToBricksCorner.png
  artifactKey: Guid(df0b6f9e93b65bc4792e6cf7849c5e37) Importer(815301076,1909f56bfc062723c751e8b465ee728b)
Start importing Assets/Art/Sprites/Environmnent/FloorGrassToBricksCorner.png using Guid(df0b6f9e93b65bc4792e6cf7849c5e37) Importer(815301076,1909f56bfc062723c751e8b465ee728b)  -> (artifact id: 'cdf06f7195cd713fc320598cc82625a3') in 0.016180 seconds 
  Import took 0.018762 seconds .

========================================================================
Received Import Request.
  Time since last request: 16.768558 seconds.
  path: Assets/Art/Sprites/Environmnent/FloorGrassToBricksCorner.png
  artifactKey: Guid(df0b6f9e93b65bc4792e6cf7849c5e37) Importer(815301076,1909f56bfc062723c751e8b465ee728b)
Start importing Assets/Art/Sprites/Environmnent/FloorGrassToBricksCorner.png using Guid(df0b6f9e93b65bc4792e6cf7849c5e37) Importer(815301076,1909f56bfc062723c751e8b465ee728b)  -> (artifact id: '83bf355eb2ccc285cbb7798405d81447') in 0.024756 seconds 
  Import took 0.027175 seconds .

========================================================================
Received Import Request.
  Time since last request: 7.923042 seconds.
  path: Assets/Art/Sprites/Environmnent/FloorGrassToBricksCorner.png
  artifactKey: Guid(df0b6f9e93b65bc4792e6cf7849c5e37) Importer(815301076,1909f56bfc062723c751e8b465ee728b)
Start importing Assets/Art/Sprites/Environmnent/FloorGrassToBricksCorner.png using Guid(df0b6f9e93b65bc4792e6cf7849c5e37) Importer(815301076,1909f56bfc062723c751e8b465ee728b)  -> (artifact id: '1adeb031fd6c2c5bca434f078ee76ecf') in 0.026589 seconds 
  Import took 0.029066 seconds .

AssetImportWorkerClient::OnTransportError - code=2 error=End of file
